<?xml version="1.0" encoding="UTF-8"?>
<!-- Generated by org.testng.reporters.JUnitReportReporter -->
<testsuite hostname="RESHMA" failures="0" tests="1" name="TestCases.TC_002_LoginTest" time="1.385" errors="0" timestamp="2024-03-04T12:34:54 IST" skipped="0">
  <testcase classname="TestCases.TC_002_LoginTest" name="logintest" time="1.385"/>
</testsuite> <!-- TestCases.TC_002_LoginTest -->
